2018-06-29 17:04:15 [main] INFO  com.ubivelox.scp02_real.Scp02Test - RAPDU : 6F108408A000000003000000A5049F6501FF9000
2018-06-29 17:04:15 [main] INFO  com.ubivelox.scp02_real.Scp02 - cAPDU: 8050000008EC78EEA2438008A6
2018-06-29 17:04:15 [main] INFO  com.ubivelox.scp02_real.Scp02 - InitializeUpdateRAPDU : 000070060A7A2AE436E401020005BD1A6BE9D3D58EAF9F5FAA5795F19000
2018-06-29 17:04:16 [main] INFO  com.ubivelox.scp02_real.Scp02 - S_ENC : 9BC7F172011D9C5D5758BBA497E7B9E6
2018-06-29 17:04:16 [main] INFO  com.ubivelox.scp02_real.Scp02 - 6985
2018-06-29 17:05:13 [main] INFO  com.ubivelox.scp02_real.Scp02Test - RAPDU : 6F108408A000000003000000A5049F6501FF9000
2018-06-29 17:05:13 [main] INFO  com.ubivelox.scp02_real.Scp02 - cAPDU: 8050000008EC78EEA2438008A6
2018-06-29 17:05:13 [main] INFO  com.ubivelox.scp02_real.Scp02 - InitializeUpdateRAPDU : 000070060A7A2AE436E401020005BD1A6BE9D3D58EAF9F5FAA5795F19000
2018-06-29 17:05:14 [main] INFO  com.ubivelox.scp02_real.Scp02 - S_ENC : 9BC7F172011D9C5D5758BBA497E7B9E6
2018-06-29 17:05:14 [main] INFO  com.ubivelox.scp02_real.Scp02 - 6985
2018-06-29 17:05:35 [main] INFO  com.ubivelox.scp02_real.Scp02Test - RAPDU : 6F108408A000000003000000A5049F6501FF9000
2018-06-29 17:05:35 [main] INFO  com.ubivelox.scp02_real.Scp02 - cAPDU: 8050000008EC78EEA2438008A6
2018-06-29 17:05:35 [main] INFO  com.ubivelox.scp02_real.Scp02 - InitializeUpdateRAPDU : 000070060A7A2AE436E401020005BD1A6BE9D3D58EAF9F5FAA5795F19000
2018-06-29 17:05:36 [main] INFO  com.ubivelox.scp02_real.Scp02 - S_ENC : 9BC7F172011D9C5D5758BBA497E7B9E6
2018-06-29 17:05:36 [main] INFO  com.ubivelox.scp02_real.Scp02 - 6985
2018-06-29 17:11:22 [main] INFO  com.ubivelox.scp02_real.Scp02Test - RAPDU : 6F108408A000000003000000A5049F6501FF9000
2018-06-29 17:11:22 [main] INFO  com.ubivelox.scp02_real.Scp02 - cAPDU: 8050000008EC78EEA2438008A6
2018-06-29 17:11:22 [main] INFO  com.ubivelox.scp02_real.Scp02 - InitializeUpdateRAPDU : 000070060A7A2AE436E401020005BD1A6BE9D3D58EAF9F5FAA5795F19000
2018-06-29 17:11:22 [main] INFO  com.ubivelox.scp02_real.Scp02 - S_ENC : 9BC7F172011D9C5D5758BBA497E7B9E6
2018-06-29 17:11:22 [main] INFO  com.ubivelox.scp02_real.Scp02 - retailMac : 8E8033A67C4D9974
2018-06-29 17:11:22 [main] INFO  com.ubivelox.scp02_real.Scp02 - 6985
2018-06-29 17:25:20 [main] INFO  com.ubivelox.scp02_real.Scp02Test - RAPDU : 6F108408A000000003000000A5049F6501FF9000
2018-06-29 17:25:20 [main] INFO  com.ubivelox.scp02_real.Scp02 - cAPDU: 8050000008EC78EEA2438008A6
2018-06-29 17:25:20 [main] INFO  com.ubivelox.scp02_real.Scp02 - InitializeUpdateRAPDU : 000070060A7A2AE436E401020005BD1A6BE9D3D58EAF9F5FAA5795F19000
2018-06-29 17:25:21 [main] INFO  com.ubivelox.scp02_real.Scp02 - S_ENC : 9BC7F172011D9C5D5758BBA497E7B9E6
2018-06-29 17:25:21 [main] INFO  com.ubivelox.scp02_real.Scp02 - retailMac : 8E8033A67C4D9974
2018-06-29 17:25:21 [main] INFO  com.ubivelox.scp02_real.Scp02 - 6985
2018-06-29 17:33:46 [main] INFO  com.ubivelox.scp02_real.Scp02Test - RAPDU : 6F108408A000000003000000A5049F6501FF9000
2018-06-29 17:33:46 [main] INFO  com.ubivelox.scp02_real.Scp02 - cAPDU: 8050000008EC78EEA2438008A6
2018-06-29 17:33:46 [main] INFO  com.ubivelox.scp02_real.Scp02 - InitializeUpdateRAPDU : 000070060A7A2AE436E401020005BD1A6BE9D3D58EAF9F5FAA5795F19000
2018-06-29 17:33:47 [main] INFO  com.ubivelox.scp02_real.Scp02 - S_ENC : 114E70DD9FDAB543CE3BFCFD4C8531B8
2018-06-29 17:33:47 [main] INFO  com.ubivelox.scp02_real.Scp02 - S_ENC : 9BC7F172011D9C5D5758BBA497E7B9E6
2018-06-29 17:33:47 [main] INFO  com.ubivelox.scp02_real.Scp02 - retailMac : 49A602EE77BB2A45
2018-06-29 17:33:47 [main] INFO  com.ubivelox.scp02_real.Scp02 - 6985
2018-06-29 17:57:47 [main] INFO  com.ubivelox.scp02_real.Scp02Test - RAPDU : 6F108408A000000003000000A5049F6501FF9000
2018-06-29 17:57:47 [main] INFO  com.ubivelox.scp02_real.Scp02 - cAPDU: 8050000008EC78EEA2438008A6
2018-06-29 17:57:47 [main] INFO  com.ubivelox.scp02_real.Scp02 - InitializeUpdateRAPDU : 000070060A7B67E436E40102000D4EB131EA95DE5D29FCFE72F724DC9000
2018-06-29 17:57:47 [main] INFO  com.ubivelox.scp02_real.Scp02 - S_ENC : 217ABF8CC47294B2411871F381D7534E
2018-06-29 17:57:47 [main] INFO  com.ubivelox.scp02_real.Scp02 - S_ENC : 07EFCCEB0BB0CC01A22E0CE1E1E395F8
2018-06-29 17:57:47 [main] INFO  com.ubivelox.scp02_real.Scp02 - retailMac : 114998A816CBF511
2018-06-29 17:57:47 [main] INFO  com.ubivelox.scp02_real.Scp02 - 9000
2018-06-29 18:03:00 [main] INFO  com.ubivelox.scp02_real.Scp02Test - RAPDU : 6F108408A000000003000000A5049F6501FF9000
2018-06-29 18:03:00 [main] INFO  com.ubivelox.scp02_real.Scp02 - cAPDU: 8050000008EC78EEA2438008A6
2018-06-29 18:03:00 [main] INFO  com.ubivelox.scp02_real.Scp02 - InitializeUpdateRAPDU : 000070060A7B67E436E401020002796F1C98410FB21CC4D0843C30B89000
2018-06-29 18:03:01 [main] INFO  com.ubivelox.scp02_real.Scp02 - S_ENC : ADC1163BA2A147FBB84BF44C8676FB7D
2018-06-29 18:03:01 [main] INFO  com.ubivelox.scp02_real.Scp02 - S_ENC : 3E06B1C8FCFD788A573B9A9889D0CA50
2018-06-29 18:03:01 [main] INFO  com.ubivelox.scp02_real.Scp02 - retailMac : 44C2FDDE96D8B47D
2018-06-29 18:03:01 [main] INFO  com.ubivelox.scp02_real.Scp02 - 6300
